<?xml version="1.0" encoding="UTF-8"?>
<testng-results ignored="0" total="2" passed="2" failed="0" skipped="0">
  <reporter-output>
  </reporter-output>
  <suite started-at="2018-05-20T07:48:28Z" name="Suite" finished-at="2018-05-20T07:54:09Z" duration-ms="340843">
    <groups>
    </groups>
    <test started-at="2018-05-20T07:48:28Z" name="Test" finished-at="2018-05-20T07:54:09Z" duration-ms="340843">
      <class name="com.yahoo.test.TestYahooMailOpen">
        <test-method is-config="true" signature="open()[pri:0, instance:com.yahoo.test.TestYahooMailOpen@37271612]" started-at="2018-05-20T07:50:20Z" name="open" finished-at="2018-05-20T07:51:50Z" duration-ms="90211" status="PASS">
          <reporter-output>
          </reporter-output>
        </test-method> <!-- open -->
        <test-method signature="mail()[pri:0, instance:com.yahoo.test.TestYahooMailOpen@37271612]" started-at="2018-05-20T07:51:50Z" name="mail" finished-at="2018-05-20T07:54:05Z" duration-ms="134622" status="PASS">
          <reporter-output>
          </reporter-output>
        </test-method> <!-- mail -->
        <test-method is-config="true" signature="close()[pri:0, instance:com.yahoo.test.TestYahooMailOpen@37271612]" started-at="2018-05-20T07:54:05Z" name="close" finished-at="2018-05-20T07:54:09Z" duration-ms="4759" status="PASS">
          <reporter-output>
          </reporter-output>
        </test-method> <!-- close -->
      </class> <!-- com.yahoo.test.TestYahooMailOpen -->
      <class name="com.yahoo.test.TestYahooLogin">
        <test-method is-config="true" signature="open()[pri:0, instance:com.yahoo.test.TestYahooLogin@3af9c5b7]" started-at="2018-05-20T07:48:28Z" name="open" finished-at="2018-05-20T07:49:05Z" duration-ms="36376" status="PASS">
          <reporter-output>
          </reporter-output>
        </test-method> <!-- open -->
        <test-method signature="log()[pri:0, instance:com.yahoo.test.TestYahooLogin@3af9c5b7]" started-at="2018-05-20T07:49:05Z" name="log" finished-at="2018-05-20T07:50:15Z" duration-ms="69923" status="PASS">
          <reporter-output>
          </reporter-output>
        </test-method> <!-- log -->
        <test-method is-config="true" signature="close()[pri:0, instance:com.yahoo.test.TestYahooLogin@3af9c5b7]" started-at="2018-05-20T07:50:15Z" name="close" finished-at="2018-05-20T07:50:20Z" duration-ms="4931" status="PASS">
          <reporter-output>
          </reporter-output>
        </test-method> <!-- close -->
      </class> <!-- com.yahoo.test.TestYahooLogin -->
    </test> <!-- Test -->
  </suite> <!-- Suite -->
</testng-results>
